
2019-03-21
$release 1
	published to pypi.org



2019-03-22
$release 2
	correction to filesystem.copy_dir
	removed pandas from dependencies (__parse_string_pandas)
	removed line_profiler from dependencies
	added python-dateutil to dependencies (__parse_string_dateutil)
	updated setup.py with packages=setuptools.find_packages()



2019-03-28
$release 3
	added flux_cls.unbind()
	added flux_row_cls.unbind()
	modified util.iter methods for recursive conversion



2019-03-29
$release 4
	minor edits to documentation
	clear_worksheet_filter() now always called as a part of excel_levity_cls.set_range_boundaries()



2019-04-01
$release 5
	added ValueError exception to flux_cls.namedtuples and flux_row_cls.namedtuples
	fixed bug in repr_



2019-04-05
$release 6
	added optional d_format param to to_datetime
	new print_timeit() function 
		(stolen from https://github.com/realpython/materials/blob/master/pandas-fast-flexible-intuitive/tutorial/timer.py)

	added append_c property to excel_levity_cls
	changed flux_cls._matrix to flux_cls.matrix
	updated README.md



2019-04-11
$release 7
	added optional encoding='utf-8' param to filesystem.read_file 
	added optional encoding='utf-8' param to filesystem.write_file

	flux_cls accepts matrix as optional param in constructor
	flux_cls.is_empty property renamed to has_data
	added flux_cls.is_empty attribute

	flux_cls.__to_flux_rows() now returns a matrix instead of setting self.matrix

	simplified flux_cls.append_rows()
	simplified flux_cls.insert_rows()
	forced paths to have appropriate file extension in flux_cls.to_csv() / flux_cls.from_csv()
	forced paths to have appropriate file extension in flux_cls.to_json() / flux_cls.from_json()



2019-04-11
$release 8
	jagged column check in worksheet.__excel_friendly_matrix()
	added max_row check in worksheet.__excel_friendly_matrix()
	
	fixed bug in modify_iteration_depth()

	fixed bug in flux_cls.__validate_row_accessor()

	if excel_levity_cls.is_empty, will return [[]] for .rows() and .flux_rows()



2019-04-19
$release 9
	added flux_row_cls.__getstate__()
	added flux_row_cls.__setstate__()

	fixed iteration depth bug in flux_cls.__to_flux_rows()




